<?xml version="1.0" encoding="UTF-8"?>
<testsuite xmlns:xsi="http://www.w3.org/2001/XMLSchema-instance" xsi:noNamespaceSchemaLocation="https://maven.apache.org/surefire/maven-surefire-plugin/xsd/surefire-test-report-3.0.xsd" version="3.0" name="com.equipo.validador.AppTest" time="0.012" tests="1" errors="0" skipped="0" failures="0">
  <properties>
    <property name="java.specification.version" value="17"/>
    <property name="sun.cpu.isalist" value="amd64"/>
    <property name="sonar.login" value="squ_cb9acfc9542dc22cd53aedd4d58581c9943d1a30"/>
    <property name="sonar.host.url" value="http://localhost:9000"/>
    <property name="sun.jnu.encoding" value="Cp1252"/>
    <property name="java.class.path" value="D:\bootcamp_devops\validadorapp\target\test-classes;D:\bootcamp_devops\validadorapp\target\classes;C:\Users\Sergio\.m2\repository\junit\junit\3.8.1\junit-3.8.1.jar;"/>
    <property name="java.vm.vendor" value="Oracle Corporation"/>
    <property name="sun.arch.data.model" value="64"/>
    <property name="user.variant" value=""/>
    <property name="java.vendor.url" value="https://java.oracle.com/"/>
    <property name="user.timezone" value="America/Santiago"/>
    <property name="os.name" value="Windows 11"/>
    <property name="java.vm.specification.version" value="17"/>
    <property name="sun.java.launcher" value="SUN_STANDARD"/>
    <property name="user.country" value="CL"/>
    <property name="sun.boot.library.path" value="C:\Program Files\Java\jdk-17\bin"/>
    <property name="sun.java.command" value="C:\Users\Sergio\AppData\Local\Temp\surefire3748100862271998163\surefirebooter-20250612202031131_3.jar C:\Users\Sergio\AppData\Local\Temp\surefire3748100862271998163 2025-06-12T20-20-30_970-jvmRun1 surefire-20250612202031131_1tmp surefire_0-20250612202031131_2tmp"/>
    <property name="jdk.debug" value="release"/>
    <property name="surefire.test.class.path" value="D:\bootcamp_devops\validadorapp\target\test-classes;D:\bootcamp_devops\validadorapp\target\classes;C:\Users\Sergio\.m2\repository\junit\junit\3.8.1\junit-3.8.1.jar;"/>
    <property name="sun.cpu.endian" value="little"/>
    <property name="user.home" value="C:\Users\Sergio"/>
    <property name="user.language" value="es"/>
    <property name="java.specification.vendor" value="Oracle Corporation"/>
    <property name="java.version.date" value="2024-01-16"/>
    <property name="java.home" value="C:\Program Files\Java\jdk-17"/>
    <property name="file.separator" value="\"/>
    <property name="basedir" value="D:\bootcamp_devops\validadorapp"/>
    <property name="java.vm.compressedOopsMode" value="Zero based"/>
    <property name="line.separator" value="&#10;"/>
    <property name="java.vm.specification.vendor" value="Oracle Corporation"/>
    <property name="java.specification.name" value="Java Platform API Specification"/>
    <property name="surefire.real.class.path" value="C:\Users\Sergio\AppData\Local\Temp\surefire3748100862271998163\surefirebooter-20250612202031131_3.jar"/>
    <property name="user.script" value=""/>
    <property name="sun.management.compiler" value="HotSpot 64-Bit Tiered Compilers"/>
    <property name="java.runtime.version" value="17.0.10+11-LTS-240"/>
    <property name="user.name" value="Sergio"/>
    <property name="path.separator" value=";"/>
    <property name="os.version" value="10.0"/>
    <property name="java.runtime.name" value="Java(TM) SE Runtime Environment"/>
    <property name="file.encoding" value="Cp1252"/>
    <property name="java.vm.name" value="Java HotSpot(TM) 64-Bit Server VM"/>
    <property name="localRepository" value="C:\Users\Sergio\.m2\repository"/>
    <property name="java.vendor.url.bug" value="https://bugreport.java.com/bugreport/"/>
    <property name="java.io.tmpdir" value="C:\Users\Sergio\AppData\Local\Temp\"/>
    <property name="java.version" value="17.0.10"/>
    <property name="user.dir" value="D:\bootcamp_devops\validadorapp"/>
    <property name="os.arch" value="amd64"/>
    <property name="java.vm.specification.name" value="Java Virtual Machine Specification"/>
    <property name="sun.os.patch.level" value=""/>
    <property name="native.encoding" value="Cp1252"/>
    <property name="sonar.projectKey" value="validadorapp"/>
    <property name="java.library.path" value="C:\Program Files\Java\jdk-17\bin;C:\WINDOWS\Sun\Java\bin;C:\WINDOWS\system32;C:\WINDOWS;C:\Users\Sergio\bin;C:\Program Files\Git\mingw64\bin;C:\Program Files\Git\usr\local\bin;C:\Program Files\Git\usr\bin;C:\Program Files\Git\usr\bin;C:\Program Files\Git\mingw64\bin;C:\Program Files\Git\usr\bin;C:\Users\Sergio\bin;C:\oraclexe\app\oracle\product\11.2.0\server\bin;C:\Program Files\Common Files\Oracle\Java\javapath;C:\Program Files (x86)\Common Files\Oracle\Java\java8path;C:\Program Files (x86)\Common Files\Oracle\Java\javapath;C:\Program Files (x86)\Razer Chroma SDK\bin;C:\Program Files\Razer Chroma SDK\bin;C:\Program Files (x86)\Razer\ChromaBroadcast\bin;C:\Program Files\Razer\ChromaBroadcast\bin;C:\Windows\system32;C:\Windows;C:\Windows\System32\Wbem;C:\Windows\System32\WindowsPowerShell\v1.0;C:\Windows\System32\OpenSSH;C:\Program Files (x86)\NVIDIA Corporation\PhysX\Common;C:\Windows\system32\config\systemprofile\AppData\Local\Microsoft\WindowsApps;C:\Program Files\Java\jdk-17\bin;C:\Program Files\apache-maven-3.9.6\bin;C:\Users\Sergio\AppData\Roaming\nvm;C:\Program Files\nodejs;C:\Program Files\dotnet;C:\Program Files\nodejs;C:\Program Files\Git\cmd;C:\WINDOWS\system32;C:\WINDOWS;C:\WINDOWS\System32\Wbem;C:\WINDOWS\System32\WindowsPowerShell\v1.0;C:\WINDOWS\System32\OpenSSH;C:\Program Files (x86)\Microsoft SQL Server\160\DTS\Binn;C:\Program Files\Microsoft SQL Server\160\Tools\Binn;C:\Program Files\PowerShell\7;C:\Program Files\NVIDIA Corporation\NVIDIA App\NvDLISR;C:\Users\Sergio\AppData\Local\Programs\Python\Python312\Scripts;C:\Users\Sergio\AppData\Local\Programs\Python\Python312;C:\Users\Sergio\AppData\Local\Programs\Python\Launcher;C:\Users\Sergio\AppData\Local\Microsoft\WindowsApps;C:\Users\Sergio\AppData\Local\Programs\Microsoft VS Code\bin;C:\Users\Sergio\AppData\Roaming\nvm;C:\Program Files\nodejs;C:\Users\Sergio\AppData\Local\gitkraken\bin;C:\Users\Sergio\AppData\Roaming\npm;%USERPROFILE%\AppData\Local\Microsoft\WindowsApps;C:\Program Files\Git\usr\bin\vendor_perl;C:\Program Files\Git\usr\bin\core_perl;."/>
    <property name="java.vm.info" value="mixed mode, sharing"/>
    <property name="java.vendor" value="Oracle Corporation"/>
    <property name="java.vm.version" value="17.0.10+11-LTS-240"/>
    <property name="sun.io.unicode.encoding" value="UnicodeLittle"/>
    <property name="java.class.version" value="61.0"/>
  </properties>
  <testcase name="testApp" classname="com.equipo.validador.AppTest" time="0.001"/>
</testsuite>